<?xml version="1.0" encoding="UTF-8"?>
<testng-results total="1" passed="1" failed="0" skipped="0">
  <reporter-output>
  </reporter-output>
  <suite started-at="2019-11-05T13:41:21Z" name="Suite" finished-at="2019-11-05T13:41:43Z" duration-ms="22476">
    <groups>
      <group name="cucumber">
        <method signature="AbstractTestNGCucumberTests.feature(cucumber.api.testng.CucumberFeatureWrapper)[pri:0, instance:cucumberOptions.TestRunner@41ee392b]" name="feature" class="cucumber.api.testng.AbstractTestNGCucumberTests"/>
      </group> <!-- cucumber -->
    </groups>
    <test started-at="2019-11-05T13:41:21Z" name="Test" finished-at="2019-11-05T13:41:43Z" duration-ms="22476">
      <class name="cucumberOptions.TestRunner">
        <test-method is-config="true" signature="setUpClass()[pri:0, instance:cucumberOptions.TestRunner@41ee392b]" started-at="2019-11-05T13:41:21Z" name="setUpClass" finished-at="2019-11-05T13:41:21Z" duration-ms="214" status="PASS">
          <reporter-output>
          </reporter-output>
        </test-method> <!-- setUpClass -->
        <test-method signature="feature(cucumber.api.testng.CucumberFeatureWrapper)[pri:0, instance:cucumberOptions.TestRunner@41ee392b]" started-at="2019-11-05T13:41:21Z" name="feature" description="Runs Cucumber Feature" data-provider="features" finished-at="2019-11-05T13:41:43Z" duration-ms="22158" status="PASS">
          <params>
            <param index="0">
              <value>
                <![CDATA[TruNarrative Task]]>
              </value>
            </param>
          </params>
          <reporter-output>
          </reporter-output>
        </test-method> <!-- feature -->
        <test-method is-config="true" signature="tearDownClass()[pri:0, instance:cucumberOptions.TestRunner@41ee392b]" started-at="2019-11-05T13:41:43Z" name="tearDownClass" finished-at="2019-11-05T13:41:43Z" duration-ms="4" status="PASS">
          <reporter-output>
          </reporter-output>
        </test-method> <!-- tearDownClass -->
      </class> <!-- cucumberOptions.TestRunner -->
    </test> <!-- Test -->
  </suite> <!-- Suite -->
</testng-results>
